# JRE version: OpenJDK Runtime Environment (8.0_131-b11) (build 1.8.0_131-8u131-b11-2ubuntu1.16.04.3-b11)
# Java VM: OpenJDK 64-Bit Server VM (25.131-b11 mixed mode linux-amd64 compressed oops)
Heap:
 PSYoungGen      total 41984K, used 3056K [0x00000000e7300000, 0x00000000e9f00000, 0x0000000100000000)
  eden space 38912K, 0% used [0x00000000e7300000,0x00000000e7300000,0x00000000e9900000)
  from space 3072K, 99% used [0x00000000e9900000,0x00000000e9bfc010,0x00000000e9c00000)
  to   space 3072K, 0% used [0x00000000e9c00000,0x00000000e9c00000,0x00000000e9f00000)
 ParOldGen       total 52224K, used 5204K [0x00000000b5800000, 0x00000000b8b00000, 0x00000000e7300000)
  object space 52224K, 9% used [0x00000000b5800000,0x00000000b5d153b8,0x00000000b8b00000)
 Metaspace       used 12728K, capacity 12852K, committed 13184K, reserved 1060864K
  class space    used 1560K, capacity 1638K, committed 1664K, reserved 1048576K
GC Heap History (5 events):
Event: 57,122 GC heap before
{Heap before GC invocations=1 (full 0):
 PSYoungGen      total 22528K, used 19456K [0x00000000e7300000, 0x00000000e8c00000, 0x0000000100000000)
  eden space 19456K, 100% used [0x00000000e7300000,0x00000000e8600000,0x00000000e8600000)
  from space 3072K, 0% used [0x00000000e8900000,0x00000000e8900000,0x00000000e8c00000)
  to   space 3072K, 0% used [0x00000000e8600000,0x00000000e8600000,0x00000000e8900000)
 ParOldGen       total 52224K, used 0K [0x00000000b5800000, 0x00000000b8b00000, 0x00000000e7300000)
  object space 52224K, 0% used [0x00000000b5800000,0x00000000b5800000,0x00000000b8b00000)
 Metaspace       used 7430K, capacity 7580K, committed 7680K, reserved 1056768K
  class space    used 890K, capacity 952K, committed 1024K, reserved 1048576K
Event: 58,720 GC heap after
Heap after GC invocations=1 (full 0):
 PSYoungGen      total 22528K, used 3059K [0x00000000e7300000, 0x00000000e9f00000, 0x0000000100000000)
  eden space 19456K, 0% used [0x00000000e7300000,0x00000000e7300000,0x00000000e8600000)
  from space 3072K, 99% used [0x00000000e8600000,0x00000000e88fce40,0x00000000e8900000)
  to   space 3072K, 0% used [0x00000000e9c00000,0x00000000e9c00000,0x00000000e9f00000)
 ParOldGen       total 52224K, used 942K [0x00000000b5800000, 0x00000000b8b00000, 0x00000000e7300000)
  object space 52224K, 1% used [0x00000000b5800000,0x00000000b58ebb30,0x00000000b8b00000)
 Metaspace       used 7430K, capacity 7580K, committed 7680K, reserved 1056768K
  class space    used 890K, capacity 952K, committed 1024K, reserved 1048576K
}
Event: 92,329 GC heap before
{Heap before GC invocations=2 (full 0):
 PSYoungGen      total 22528K, used 22515K [0x00000000e7300000, 0x00000000e9f00000, 0x0000000100000000)
  eden space 19456K, 100% used [0x00000000e7300000,0x00000000e8600000,0x00000000e8600000)
  from space 3072K, 99% used [0x00000000e8600000,0x00000000e88fce40,0x00000000e8900000)
  to   space 3072K, 0% used [0x00000000e9c00000,0x00000000e9c00000,0x00000000e9f00000)
 ParOldGen       total 52224K, used 942K [0x00000000b5800000, 0x00000000b8b00000, 0x00000000e7300000)
  object space 52224K, 1% used [0x00000000b5800000,0x00000000b58ebb30,0x00000000b8b00000)
 Metaspace       used 8498K, capacity 8610K, committed 8832K, reserved 1056768K
  class space    used 1030K, capacity 1081K, committed 1152K, reserved 1048576K
Event: 92,676 GC heap after
Heap after GC invocations=2 (full 0):
 PSYoungGen      total 41984K, used 3053K [0x00000000e7300000, 0x00000000e9f00000, 0x0000000100000000)
  eden space 38912K, 0% used [0x00000000e7300000,0x00000000e7300000,0x00000000e9900000)
  from space 3072K, 99% used [0x00000000e9c00000,0x00000000e9efb658,0x00000000e9f00000)
  to   space 3072K, 0% used [0x00000000e9900000,0x00000000e9900000,0x00000000e9c00000)
 ParOldGen       total 52224K, used 1210K [0x00000000b5800000, 0x00000000b8b00000, 0x00000000e7300000)
  object space 52224K, 2% used [0x00000000b5800000,0x00000000b592eba0,0x00000000b8b00000)
 Metaspace       used 8498K, capacity 8610K, committed 8832K, reserved 1056768K
  class space    used 1030K, capacity 1081K, committed 1152K, reserved 1048576K
}
Event: 144,861 GC heap before
{Heap before GC invocations=3 (full 0):
 PSYoungGen      total 41984K, used 41965K [0x00000000e7300000, 0x00000000e9f00000, 0x0000000100000000)
  eden space 38912K, 100% used [0x00000000e7300000,0x00000000e9900000,0x00000000e9900000)
  from space 3072K, 99% used [0x00000000e9c00000,0x00000000e9efb658,0x00000000e9f00000)
  to   space 3072K, 0% used [0x00000000e9900000,0x00000000e9900000,0x00000000e9c00000)
 ParOldGen       total 52224K, used 1210K [0x00000000b5800000, 0x00000000b8b00000, 0x00000000e7300000)
  object space 52224K, 2% used [0x00000000b5800000,0x00000000b592eba0,0x00000000b8b00000)
 Metaspace       used 12728K, capacity 12852K, committed 13184K, reserved 1060864K
  class space    used 1560K, capacity 1638K, committed 1664K, reserved 1048576K

