# JRE version: OpenJDK Runtime Environment (8.0_131-b11) (build 1.8.0_131-8u131-b11-2ubuntu1.16.04.3-b11)
# Java VM: OpenJDK 64-Bit Server VM (25.131-b11 mixed mode linux-amd64 compressed oops)
Heap:
 PSYoungGen      total 208896K, used 4384K [0x00000000e7300000, 0x00000000f6200000, 0x0000000100000000)
  eden space 190464K, 0% used [0x00000000e7300000,0x00000000e7300000,0x00000000f2d00000)
  from space 18432K, 23% used [0x00000000f2d00000,0x00000000f3148070,0x00000000f3f00000)
  to   space 14848K, 0% used [0x00000000f3f00000,0x00000000f3f00000,0x00000000f4d80000)
 ParOldGen       total 47616K, used 40816K [0x00000000b5800000, 0x00000000b8680000, 0x00000000e7300000)
  object space 47616K, 85% used [0x00000000b5800000,0x00000000b7fdc038,0x00000000b8680000)
 Metaspace       used 25490K, capacity 26174K, committed 26368K, reserved 1073152K
  class space    used 2873K, capacity 3033K, committed 3072K, reserved 1048576K
GC Heap History (10 events):
Event: 10,867 GC heap after
Heap after GC invocations=7 (full 0):
 PSYoungGen      total 84480K, used 7152K [0x00000000e7300000, 0x00000000f1b00000, 0x0000000100000000)
  eden space 77312K, 0% used [0x00000000e7300000,0x00000000e7300000,0x00000000ebe80000)
  from space 7168K, 99% used [0x00000000ebe80000,0x00000000ec57c010,0x00000000ec580000)
  to   space 8704K, 0% used [0x00000000f1280000,0x00000000f1280000,0x00000000f1b00000)
 ParOldGen       total 52224K, used 9989K [0x00000000b5800000, 0x00000000b8b00000, 0x00000000e7300000)
  object space 52224K, 19% used [0x00000000b5800000,0x00000000b61c1520,0x00000000b8b00000)
 Metaspace       used 17706K, capacity 18120K, committed 18304K, reserved 1064960K
  class space    used 2021K, capacity 2131K, committed 2176K, reserved 1048576K
}
Event: 12,281 GC heap before
{Heap before GC invocations=8 (full 0):
 PSYoungGen      total 84480K, used 45783K [0x00000000e7300000, 0x00000000f1b00000, 0x0000000100000000)
  eden space 77312K, 49% used [0x00000000e7300000,0x00000000e98b9c18,0x00000000ebe80000)
  from space 7168K, 99% used [0x00000000ebe80000,0x00000000ec57c010,0x00000000ec580000)
  to   space 8704K, 0% used [0x00000000f1280000,0x00000000f1280000,0x00000000f1b00000)
 ParOldGen       total 52224K, used 9989K [0x00000000b5800000, 0x00000000b8b00000, 0x00000000e7300000)
  object space 52224K, 19% used [0x00000000b5800000,0x00000000b61c1520,0x00000000b8b00000)
 Metaspace       used 20659K, capacity 21182K, committed 21248K, reserved 1069056K
  class space    used 2422K, capacity 2533K, committed 2560K, reserved 1048576K
Event: 12,307 GC heap after
Heap after GC invocations=8 (full 0):
 PSYoungGen      total 162304K, used 7791K [0x00000000e7300000, 0x00000000f1d00000, 0x0000000100000000)
  eden space 153600K, 0% used [0x00000000e7300000,0x00000000e7300000,0x00000000f0900000)
  from space 8704K, 89% used [0x00000000f1280000,0x00000000f1a1bec0,0x00000000f1b00000)
  to   space 9728K, 0% used [0x00000000f0900000,0x00000000f0900000,0x00000000f1280000)
 ParOldGen       total 52224K, used 11027K [0x00000000b5800000, 0x00000000b8b00000, 0x00000000e7300000)
  object space 52224K, 21% used [0x00000000b5800000,0x00000000b62c4d70,0x00000000b8b00000)
 Metaspace       used 20659K, capacity 21182K, committed 21248K, reserved 1069056K
  class space    used 2422K, capacity 2533K, committed 2560K, reserved 1048576K
}
Event: 12,307 GC heap before
{Heap before GC invocations=9 (full 1):
 PSYoungGen      total 162304K, used 7791K [0x00000000e7300000, 0x00000000f1d00000, 0x0000000100000000)
  eden space 153600K, 0% used [0x00000000e7300000,0x00000000e7300000,0x00000000f0900000)
  from space 8704K, 89% used [0x00000000f1280000,0x00000000f1a1bec0,0x00000000f1b00000)
  to   space 9728K, 0% used [0x00000000f0900000,0x00000000f0900000,0x00000000f1280000)
 ParOldGen       total 52224K, used 11027K [0x00000000b5800000, 0x00000000b8b00000, 0x00000000e7300000)
  object space 52224K, 21% used [0x00000000b5800000,0x00000000b62c4d70,0x00000000b8b00000)
 Metaspace       used 20659K, capacity 21182K, committed 21248K, reserved 1069056K
  class space    used 2422K, capacity 2533K, committed 2560K, reserved 1048576K
Event: 12,512 GC heap after
Heap after GC invocations=9 (full 1):
 PSYoungGen      total 162304K, used 0K [0x00000000e7300000, 0x00000000f1d00000, 0x0000000100000000)
  eden space 153600K, 0% used [0x00000000e7300000,0x00000000e7300000,0x00000000f0900000)
  from space 8704K, 0% used [0x00000000f1280000,0x00000000f1280000,0x00000000f1b00000)
  to   space 9728K, 0% used [0x00000000f0900000,0x00000000f0900000,0x00000000f1280000)
 ParOldGen       total 47616K, used 13882K [0x00000000b5800000, 0x00000000b8680000, 0x00000000e7300000)
  object space 47616K, 29% used [0x00000000b5800000,0x00000000b658e8e0,0x00000000b8680000)
 Metaspace       used 20659K, capacity 21182K, committed 21248K, reserved 1069056K
  class space    used 2422K, capacity 2533K, committed 2560K, reserved 1048576K
}
Event: 18,797 GC heap before
{Heap before GC invocations=10 (full 1):
 PSYoungGen      total 162304K, used 153600K [0x00000000e7300000, 0x00000000f1d00000, 0x0000000100000000)
  eden space 153600K, 100% used [0x00000000e7300000,0x00000000f0900000,0x00000000f0900000)
  from space 8704K, 0% used [0x00000000f1280000,0x00000000f1280000,0x00000000f1b00000)
  to   space 9728K, 0% used [0x00000000f0900000,0x00000000f0900000,0x00000000f1280000)
 ParOldGen       total 47616K, used 13882K [0x00000000b5800000, 0x00000000b8680000, 0x00000000e7300000)
  object space 47616K, 29% used [0x00000000b5800000,0x00000000b658e8e0,0x00000000b8680000)
 Metaspace       used 24395K, capacity 25038K, committed 25216K, reserved 1071104K
  class space    used 2766K, capacity 2899K, committed 2944K, reserved 1048576K
Event: 18,847 GC heap after
Heap after GC invocations=10 (full 1):
 PSYoungGen      total 163328K, used 9707K [0x00000000e7300000, 0x00000000f4d80000, 0x0000000100000000)
  eden space 153600K, 0% used [0x00000000e7300000,0x00000000e7300000,0x00000000f0900000)
  from space 9728K, 99% used [0x00000000f0900000,0x00000000f127ae98,0x00000000f1280000)
  to   space 14848K, 0% used [0x00000000f3f00000,0x00000000f3f00000,0x00000000f4d80000)
 ParOldGen       total 47616K, used 24013K [0x00000000b5800000, 0x00000000b8680000, 0x00000000e7300000)
  object space 47616K, 50% used [0x00000000b5800000,0x00000000b6f734e0,0x00000000b8680000)
 Metaspace       used 24395K, capacity 25038K, committed 25216K, reserved 1071104K
  class space    used 2766K, capacity 2899K, committed 2944K, reserved 1048576K
}
Event: 20,594 GC heap before
{Heap before GC invocations=11 (full 1):
 PSYoungGen      total 163328K, used 163307K [0x00000000e7300000, 0x00000000f4d80000, 0x0000000100000000)
  eden space 153600K, 100% used [0x00000000e7300000,0x00000000f0900000,0x00000000f0900000)
  from space 9728K, 99% used [0x00000000f0900000,0x00000000f127ae98,0x00000000f1280000)
  to   space 14848K, 0% used [0x00000000f3f00000,0x00000000f3f00000,0x00000000f4d80000)
 ParOldGen       total 47616K, used 24013K [0x00000000b5800000, 0x00000000b8680000, 0x00000000e7300000)
  object space 47616K, 50% used [0x00000000b5800000,0x00000000b6f734e0,0x00000000b8680000)
 Metaspace       used 24991K, capacity 25710K, committed 25856K, reserved 1073152K
  class space    used 2823K, capacity 2963K, committed 3072K, reserved 1048576K
Event: 21,802 GC heap after
Heap after GC invocations=11 (full 1):
 PSYoungGen      total 205312K, used 14823K [0x00000000e7300000, 0x00000000f6200000, 0x0000000100000000)
  eden space 190464K, 0% used [0x00000000e7300000,0x00000000e7300000,0x00000000f2d00000)
  from space 14848K, 99% used [0x00000000f3f00000,0x00000000f4d79cb8,0x00000000f4d80000)
  to   space 18432K, 0% used [0x00000000f2d00000,0x00000000f2d00000,0x00000000f3f00000)
 ParOldGen       total 47616K, used 27493K [0x00000000b5800000, 0x00000000b8680000, 0x00000000e7300000)
  object space 47616K, 57% used [0x00000000b5800000,0x00000000b72d9430,0x00000000b8680000)
 Metaspace       used 24991K, capacity 25710K, committed 25856K, reserved 1073152K
  class space    used 2823K, capacity 2963K, committed 3072K, reserved 1048576K
}
Event: 82,023 GC heap before
{Heap before GC invocations=12 (full 1):
 PSYoungGen      total 205312K, used 205287K [0x00000000e7300000, 0x00000000f6200000, 0x0000000100000000)
  eden space 190464K, 100% used [0x00000000e7300000,0x00000000f2d00000,0x00000000f2d00000)
  from space 14848K, 99% used [0x00000000f3f00000,0x00000000f4d79cb8,0x00000000f4d80000)
  to   space 18432K, 0% used [0x00000000f2d00000,0x00000000f2d00000,0x00000000f3f00000)
 ParOldGen       total 47616K, used 27493K [0x00000000b5800000, 0x00000000b8680000, 0x00000000e7300000)
  object space 47616K, 57% used [0x00000000b5800000,0x00000000b72d9430,0x00000000b8680000)
 Metaspace       used 25490K, capacity 26174K, committed 26368K, reserved 1073152K
  class space    used 2873K, capacity 3033K, committed 3072K, reserved 1048576K

